  main.cpp
D:\code\asoul_bbspace\louv\graph.h(86,1): warning C4267: “初始化”: 从“size_t”转换到“int”，可能丢失数据
D:\code\asoul_bbspace\louv\graph.h(93,1): warning C4267: “初始化”: 从“size_t”转换到“int”，可能丢失数据
D:\code\asoul_bbspace\louv\graph.h(104,1): warning C4244: “+=”: 从“double”转换到“float”，可能丢失数据
D:\code\asoul_bbspace\louv\graph.h(121,1): warning C4267: “=”: 从“size_t”转换到“int”，可能丢失数据
D:\code\asoul_bbspace\louv\graph.h(422,1): warning C4267: “初始化”: 从“size_t”转换到“int”，可能丢失数据
D:\code\asoul_bbspace\louv\graph.h(435,1): warning C4244: “+=”: 从“_Ty2”转换到“float”，可能丢失数据
          with
          [
              _Ty2=double
          ]
D:\tools\vstudio\VC\Tools\MSVC\14.29.30037\include\utility(193,16): warning C4244: “初始化”: 从“double”转换到“_Ty1”，可能丢失数据
          with
          [
              _Ty1=float
          ]
D:\code\asoul_bbspace\louv\graph.h(227): message : 查看对正在编译的函数 模板 实例化“std::pair<float,int>::pair<double&,int&,0>(_Other1,_Other2) noexcept”的引用
          with
          [
              _Other1=double &,
              _Other2=int &
          ]
D:\code\asoul_bbspace\louv\graph.h(227): message : 查看对正在编译的函数 模板 实例化“std::pair<float,int>::pair<double&,int&,0>(_Other1,_Other2) noexcept”的引用
          with
          [
              _Other1=double &,
              _Other2=int &
          ]
  正在生成代码
  6 of 1078 functions ( 0.6%) were compiled, the rest were copied from previous compilation.
    0 functions were new in current compilation
    0 functions had inline decision re-evaluated but remain unchanged
  已完成代码的生成
  louv.vcxproj -> D:\code\asoul_bbspace\louv\x64\Release\louv.exe
